app/build/outputs/mapping/release/mapping.txt
# compiler: R8
# compiler_version: 2.1.86
# min_api: 19
# pg_map_id: 3383d5c
# common_typos_disable
app.vercel.e_dbase.twa.LauncherActivity -> app.vercel.e_dbase.twa.LauncherActivity:
    android.net.Uri getLaunchingUrl() -> f
...
android.support.customtabs.ICustomTabsCallback -> a.a.a.a:
    void onNavigationEvent(int,android.os.Bundle) -> A
    void onRelationshipValidationResult(int,android.net.Uri,boolean,android.os.Bundle) -> E
    void onPostMessage(java.lang.String,android.os.Bundle) -> d
    void extraCallback(java.lang.String,android.os.Bundle) -> l
    void onMessageChannelReady(android.os.Bundle) -> r
    android.os.Bundle extraCallbackWithResult(java.lang.String,android.os.Bundle) -> z
android.support.customtabs.ICustomTabsCallback$Stub -> a.a.a.a$a:
android.support.customtabs.ICustomTabsService -> a.a.a.b:
    boolean validateRelationship(android.support.customtabs.ICustomTabsCallback,int,android.net.Uri,android.os.Bundle) -> C
    boolean receiveFile(android.support.customtabs.ICustomTabsCallback,android.net.Uri,int,android.os.Bundle) -> G
    boolean newSessionWithExtras(android.support.customtabs.ICustomTabsCallback,android.os.Bundle) -> b
    boolean warmup(long) -> v
    boolean newSession(android.support.customtabs.ICustomTabsCallback) -> y
android.support.customtabs.ICustomTabsService$Stub -> a.a.a.b$a:
    android.support.customtabs.ICustomTabsService asInterface(android.os.IBinder) -> H
    android.support.customtabs.ICustomTabsService getDefaultImpl() -> I
android.support.customtabs.ICustomTabsService$Stub$Proxy -> a.a.a.b$a$a:
    android.os.IBinder mRemote -> a
    android.support.customtabs.ICustomTabsService sDefaultImpl -> b
    boolean validateRelationship(android.support.customtabs.ICustomTabsCallback,int,android.net.Uri,android.os.Bundle) -> C
    boolean receiveFile(android.support.customtabs.ICustomTabsCallback,android.net.Uri,int,android.os.Bundle) -> G
    boolean newSessionWithExtras(android.support.customtabs.ICustomTabsCallback,android.os.Bundle) -> b
    boolean warmup(long) -> v
    boolean newSession(android.support.customtabs.ICustomTabsCallback) -> y
android.support.customtabs.trusted.ITrustedWebActivityCallback -> a.a.a.c.a:
    void onExtraCallback(java.lang.String,android.os.Bundle) -> o
android.support.customtabs.trusted.ITrustedWebActivityCallback$Stub -> a.a.a.c.a$a:
    android.support.customtabs.trusted.ITrustedWebActivityCallback asInterface(android.os.IBinder) -> H
    android.support.customtabs.trusted.ITrustedWebActivityCallback getDefaultImpl() -> I
android.support.customtabs.trusted.ITrustedWebActivityCallback$Stub$Proxy -> a.a.a.c.a$a$a:
    android.os.IBinder mRemote -> a
    android.support.customtabs.trusted.ITrustedWebActivityCallback sDefaultImpl -> b
    void onExtraCallback(java.lang.String,android.os.Bundle) -> o
android.support.customtabs.trusted.ITrustedWebActivityService -> a.a.a.c.b:
    android.os.Bundle notifyNotificationWithChannel(android.os.Bundle) -> B
    android.os.Bundle getSmallIconBitmap() -> D
    android.os.Bundle areNotificationsEnabled(android.os.Bundle) -> a
    android.os.Bundle getActiveNotifications() -> j
    int getSmallIconId() -> s
    void cancelNotification(android.os.Bundle) -> t
    android.os.Bundle extraCommand(java.lang.String,android.os.Bundle,android.os.IBinder) -> u
android.support.customtabs.trusted.ITrustedWebActivityService$Stub -> a.a.a.c.b$a:
androidx.browser.R$dimen -> b.a.a:
    int browser_actions_context_menu_min_padding -> b
    int browser_actions_context_menu_max_width -> a
androidx.browser.browseractions.BrowserActionsFallbackMenuView -> androidx.browser.browseractions.BrowserActionsFallbackMenuView:
    int mBrowserActionsMenuMaxWidthPx -> b
    int mBrowserActionsMenuMinPaddingPx -> a